2024-11-07 10:50:56,257 chrome_driver_update.py->__needUpdate line:142 [DEBUG]当前版本：130.0.6723,不需要更新
2024-11-07 10:50:57,874 driver.py->__new__ line:29 [DEBUG]C:\Users\韩琰\.wdm\drivers\chromedriver\win32\130.0.6723.19\chromedriver.exe  Driver first created!
2024-11-07 10:50:57,900 data_loader.py->get line:69 [DEBUG]get key: constant,value: {'spgz_ip': '172.16.249.159'}
2024-11-07 10:50:58,123 data_loader.py->read line:39 [DEBUG]Read Excel file successfully
2024-11-07 10:50:58,178 data_loader.py->get line:69 [DEBUG]get key: constant,value: {'spgz_ip': '172.16.249.159'}
2024-11-07 10:50:58,192 data_loader.py->DataParse line:122 [DEBUG]http://172.16.249.159/index.html#/ replace spgz_ip to 172.16.249.159
2024-11-07 10:51:00,307 locator.py->goto line:116 [DEBUG]跳转到http://172.16.249.159/！
2024-11-07 10:51:00,346 locator.py->__init__ line:64 [DEBUG]//*[@id="login"]/div/span[1]/input通过xpath定位成功！
2024-11-07 10:51:00,447 locator.py->send_keys line:93 [DEBUG]//*[@id="login"]/div/span[1]/input输入root！
2024-11-07 10:51:00,487 locator.py->__init__ line:64 [DEBUG]#login > div > span.ant-input-affix-wrapper.ant-input-password.input___3_OCv > input通过css定位成功！
2024-11-07 10:51:00,550 locator.py->send_keys line:93 [DEBUG]#login > div > span.ant-input-affix-wrapper.ant-input-password.input___3_OCv > input输入123！
2024-11-07 10:51:00,581 locator.py->__init__ line:64 [DEBUG]#login > div > button通过css定位成功！
2024-11-07 10:51:00,786 locator.py->click line:79 [DEBUG]#login > div > button点击！
2024-11-07 10:51:01,229 locator.py->__init__ line:64 [DEBUG]//div[contains(@class,'ant-message-custom-content')]/span[2]通过xpath定位成功！
2024-11-07 10:51:01,246 locator.py->get_text line:104 [DEBUG]//div[contains(@class,'ant-message-custom-content')]/span[2]获取文本用户名或者密码错误.您还有4次机会！
2024-11-07 10:51:01,721 chrome_driver_update.py->__needUpdate line:142 [DEBUG]当前版本：130.0.6723,不需要更新
2024-11-07 10:51:01,727 driver.py->__new__ line:29 [DEBUG]C:\Users\韩琰\.wdm\drivers\chromedriver\win32\130.0.6723.19\chromedriver.exe  Driver first created!
2024-11-07 10:51:01,736 session.py->save_session line:21 [DEBUG]Session saved as login_cookies.pkl
2024-11-07 10:51:02,162 chrome_driver_update.py->__needUpdate line:142 [DEBUG]当前版本：130.0.6723,不需要更新
2024-11-07 10:51:02,167 driver.py->__new__ line:29 [DEBUG]C:\Users\韩琰\.wdm\drivers\chromedriver\win32\130.0.6723.19\chromedriver.exe  Driver first created!
2024-11-07 10:51:02,184 session.py->delete_session line:47 [DEBUG]Session cookies deleted
2024-11-07 10:51:02,604 locator.py->goto line:116 [DEBUG]跳转到http://172.16.249.159/！
2024-11-07 10:51:02,640 locator.py->__init__ line:64 [DEBUG]//*[@id="login"]/div/span[1]/input通过xpath定位成功！
2024-11-07 10:51:02,709 locator.py->send_keys line:93 [DEBUG]//*[@id="login"]/div/span[1]/input输入roo！
2024-11-07 10:51:02,738 locator.py->__init__ line:64 [DEBUG]#login > div > span.ant-input-affix-wrapper.ant-input-password.input___3_OCv > input通过css定位成功！
2024-11-07 10:51:02,815 locator.py->send_keys line:93 [DEBUG]#login > div > span.ant-input-affix-wrapper.ant-input-password.input___3_OCv > input输入jg123456！
2024-11-07 10:51:02,844 locator.py->__init__ line:64 [DEBUG]#login > div > button通过css定位成功！
2024-11-07 10:51:02,929 locator.py->click line:79 [DEBUG]#login > div > button点击！
2024-11-07 10:51:03,343 locator.py->__init__ line:64 [DEBUG]//div[contains(@class,'ant-message-custom-content')]/span[2]通过xpath定位成功！
2024-11-07 10:51:03,357 locator.py->get_text line:104 [DEBUG]//div[contains(@class,'ant-message-custom-content')]/span[2]获取文本用户名或者密码错误.您还有4次机会！
2024-11-07 10:51:03,866 chrome_driver_update.py->__needUpdate line:142 [DEBUG]当前版本：130.0.6723,不需要更新
2024-11-07 10:51:03,871 driver.py->__new__ line:29 [DEBUG]C:\Users\韩琰\.wdm\drivers\chromedriver\win32\130.0.6723.19\chromedriver.exe  Driver first created!
2024-11-07 10:51:03,881 session.py->save_session line:21 [DEBUG]Session saved as login_cookies.pkl
2024-11-07 10:51:04,319 chrome_driver_update.py->__needUpdate line:142 [DEBUG]当前版本：130.0.6723,不需要更新
2024-11-07 10:51:04,324 driver.py->__new__ line:29 [DEBUG]C:\Users\韩琰\.wdm\drivers\chromedriver\win32\130.0.6723.19\chromedriver.exe  Driver first created!
2024-11-07 10:51:04,342 session.py->delete_session line:47 [DEBUG]Session cookies deleted
2024-11-07 10:51:04,719 locator.py->goto line:116 [DEBUG]跳转到http://172.16.249.159/！
2024-11-07 10:51:04,818 locator.py->__init__ line:64 [DEBUG]//*[@id="login"]/div/span[1]/input通过xpath定位成功！
2024-11-07 10:51:04,926 locator.py->send_keys line:93 [DEBUG]//*[@id="login"]/div/span[1]/input输入777888456！
2024-11-07 10:51:04,956 locator.py->__init__ line:64 [DEBUG]#login > div > span.ant-input-affix-wrapper.ant-input-password.input___3_OCv > input通过css定位成功！
2024-11-07 10:51:04,984 locator.py->__init__ line:64 [DEBUG]#login > div > button通过css定位成功！
2024-11-07 10:51:05,024 locator.py->click line:79 [DEBUG]#login > div > button点击！
2024-11-07 10:51:05,575 locator.py->__init__ line:64 [DEBUG]//div[contains(@class,'ant-message-custom-content')]/span[2]通过xpath定位成功！
2024-11-07 10:51:05,588 locator.py->get_text line:104 [DEBUG]//div[contains(@class,'ant-message-custom-content')]/span[2]获取文本用户名和密码不能为空！
2024-11-07 10:51:06,053 chrome_driver_update.py->__needUpdate line:142 [DEBUG]当前版本：130.0.6723,不需要更新
2024-11-07 10:51:06,058 driver.py->__new__ line:29 [DEBUG]C:\Users\韩琰\.wdm\drivers\chromedriver\win32\130.0.6723.19\chromedriver.exe  Driver first created!
2024-11-07 10:51:06,070 session.py->save_session line:21 [DEBUG]Session saved as login_cookies.pkl
2024-11-07 10:51:06,494 chrome_driver_update.py->__needUpdate line:142 [DEBUG]当前版本：130.0.6723,不需要更新
2024-11-07 10:51:06,499 driver.py->__new__ line:29 [DEBUG]C:\Users\韩琰\.wdm\drivers\chromedriver\win32\130.0.6723.19\chromedriver.exe  Driver first created!
2024-11-07 10:51:06,517 session.py->delete_session line:47 [DEBUG]Session cookies deleted
2024-11-07 10:51:06,887 locator.py->goto line:116 [DEBUG]跳转到http://172.16.249.159/！
2024-11-07 10:51:06,974 locator.py->__init__ line:64 [DEBUG]//*[@id="login"]/div/span[1]/input通过xpath定位成功！
2024-11-07 10:51:07,000 locator.py->__init__ line:64 [DEBUG]#login > div > span.ant-input-affix-wrapper.ant-input-password.input___3_OCv > input通过css定位成功！
2024-11-07 10:51:07,081 locator.py->send_keys line:93 [DEBUG]#login > div > span.ant-input-affix-wrapper.ant-input-password.input___3_OCv > input输入jg123456！
2024-11-07 10:51:07,108 locator.py->__init__ line:64 [DEBUG]#login > div > button通过css定位成功！
2024-11-07 10:51:07,149 locator.py->click line:79 [DEBUG]#login > div > button点击！
2024-11-07 10:51:07,692 locator.py->__init__ line:64 [DEBUG]//div[contains(@class,'ant-message-custom-content')]/span[2]通过xpath定位成功！
2024-11-07 10:51:07,704 locator.py->get_text line:104 [DEBUG]//div[contains(@class,'ant-message-custom-content')]/span[2]获取文本用户名和密码不能为空！
2024-11-07 10:51:08,145 chrome_driver_update.py->__needUpdate line:142 [DEBUG]当前版本：130.0.6723,不需要更新
2024-11-07 10:51:08,151 driver.py->__new__ line:29 [DEBUG]C:\Users\韩琰\.wdm\drivers\chromedriver\win32\130.0.6723.19\chromedriver.exe  Driver first created!
2024-11-07 10:51:08,160 session.py->save_session line:21 [DEBUG]Session saved as login_cookies.pkl
2024-11-07 10:51:08,584 chrome_driver_update.py->__needUpdate line:142 [DEBUG]当前版本：130.0.6723,不需要更新
2024-11-07 10:51:08,590 driver.py->__new__ line:29 [DEBUG]C:\Users\韩琰\.wdm\drivers\chromedriver\win32\130.0.6723.19\chromedriver.exe  Driver first created!
2024-11-07 10:51:08,610 session.py->delete_session line:47 [DEBUG]Session cookies deleted
2024-11-07 10:51:08,983 locator.py->goto line:116 [DEBUG]跳转到http://172.16.249.159/！
2024-11-07 10:51:09,066 locator.py->__init__ line:64 [DEBUG]//*[@id="login"]/div/span[1]/input通过xpath定位成功！
2024-11-07 10:51:09,093 locator.py->__init__ line:64 [DEBUG]#login > div > span.ant-input-affix-wrapper.ant-input-password.input___3_OCv > input通过css定位成功！
2024-11-07 10:51:09,118 locator.py->__init__ line:64 [DEBUG]#login > div > button通过css定位成功！
2024-11-07 10:51:09,152 locator.py->click line:79 [DEBUG]#login > div > button点击！
2024-11-07 10:51:09,179 locator.py->__init__ line:64 [DEBUG]//div[contains(@class,'ant-message-custom-content')]/span[2]通过xpath定位成功！
2024-11-07 10:51:09,191 locator.py->get_text line:104 [DEBUG]//div[contains(@class,'ant-message-custom-content')]/span[2]获取文本用户名和密码不能为空！
2024-11-07 10:51:09,707 chrome_driver_update.py->__needUpdate line:142 [DEBUG]当前版本：130.0.6723,不需要更新
2024-11-07 10:51:09,712 driver.py->__new__ line:29 [DEBUG]C:\Users\韩琰\.wdm\drivers\chromedriver\win32\130.0.6723.19\chromedriver.exe  Driver first created!
2024-11-07 10:51:09,722 session.py->save_session line:21 [DEBUG]Session saved as login_cookies.pkl
2024-11-07 10:51:10,196 chrome_driver_update.py->__needUpdate line:142 [DEBUG]当前版本：130.0.6723,不需要更新
2024-11-07 10:51:10,201 driver.py->__new__ line:29 [DEBUG]C:\Users\韩琰\.wdm\drivers\chromedriver\win32\130.0.6723.19\chromedriver.exe  Driver first created!
2024-11-07 10:51:10,220 session.py->delete_session line:47 [DEBUG]Session cookies deleted
2024-11-07 10:51:10,595 locator.py->goto line:116 [DEBUG]跳转到http://172.16.249.159/！
2024-11-07 10:51:10,681 locator.py->__init__ line:64 [DEBUG]//*[@id="login"]/div/span[1]/input通过xpath定位成功！
2024-11-07 10:51:10,754 locator.py->send_keys line:93 [DEBUG]//*[@id="login"]/div/span[1]/input输入root！
2024-11-07 10:51:10,783 locator.py->__init__ line:64 [DEBUG]#login > div > span.ant-input-affix-wrapper.ant-input-password.input___3_OCv > input通过css定位成功！
2024-11-07 10:51:10,867 locator.py->send_keys line:93 [DEBUG]#login > div > span.ant-input-affix-wrapper.ant-input-password.input___3_OCv > input输入jg123456！
2024-11-07 10:51:10,898 locator.py->__init__ line:64 [DEBUG]#login > div > button通过css定位成功！
2024-11-07 10:51:11,438 locator.py->click line:79 [DEBUG]#login > div > button点击！
2024-11-07 10:51:12,029 chrome_driver_update.py->__needUpdate line:142 [DEBUG]当前版本：130.0.6723,不需要更新
2024-11-07 10:51:12,034 driver.py->__new__ line:29 [DEBUG]C:\Users\韩琰\.wdm\drivers\chromedriver\win32\130.0.6723.19\chromedriver.exe  Driver first created!
2024-11-07 10:51:12,043 session.py->save_session line:21 [DEBUG]Session saved as login_cookies.pkl
2024-11-07 10:51:12,631 chrome_driver_update.py->__needUpdate line:142 [DEBUG]当前版本：130.0.6723,不需要更新
2024-11-07 10:51:12,636 driver.py->__new__ line:29 [DEBUG]C:\Users\韩琰\.wdm\drivers\chromedriver\win32\130.0.6723.19\chromedriver.exe  Driver first created!
2024-11-07 10:51:12,681 session.py->delete_session line:47 [DEBUG]Session cookies deleted
